# JRE version: Java(TM) SE Runtime Environment (13.0.2+8) (build 13.0.2+8)
# Java VM: Java HotSpot(TM) 64-Bit Server VM (13.0.2+8, mixed mode, sharing, tiered, compressed oops, g1 gc, windows-amd64)
Heap:
 garbage-first heap   total 61440K, used 44490K [0x0000000080400000, 0x0000000100000000)
  region size 1024K, 30 young (30720K), 3 survivors (3072K)
 Metaspace       used 28375K, capacity 29631K, committed 29696K, reserved 1075200K
  class space    used 3853K, capacity 4340K, committed 4352K, reserved 1048576K
GC Heap History (20 events):
Event: 1.191 GC heap after
{Heap after GC invocations=2 (full 0):
 garbage-first heap   total 131072K, used 7148K [0x0000000080400000, 0x0000000100000000)
  region size 1024K, 4 young (4096K), 4 survivors (4096K)
 Metaspace       used 6329K, capacity 6730K, committed 6784K, reserved 1056768K
  class space    used 772K, capacity 852K, committed 896K, reserved 1048576K
}
Event: 1.576 GC heap before
{Heap before GC invocations=2 (full 0):
 garbage-first heap   total 131072K, used 34796K [0x0000000080400000, 0x0000000100000000)
  region size 1024K, 31 young (31744K), 4 survivors (4096K)
 Metaspace       used 8925K, capacity 9365K, committed 9600K, reserved 1056768K
  class space    used 1147K, capacity 1309K, committed 1408K, reserved 1048576K
}
Event: 1.581 GC heap after
{Heap after GC invocations=3 (full 0):
 garbage-first heap   total 131072K, used 8345K [0x0000000080400000, 0x0000000100000000)
  region size 1024K, 3 young (3072K), 3 survivors (3072K)
 Metaspace       used 8925K, capacity 9365K, committed 9600K, reserved 1056768K
  class space    used 1147K, capacity 1309K, committed 1408K, reserved 1048576K
}
Event: 2.214 GC heap before
{Heap before GC invocations=3 (full 0):
 garbage-first heap   total 131072K, used 48281K [0x0000000080400000, 0x0000000100000000)
  region size 1024K, 42 young (43008K), 3 survivors (3072K)
 Metaspace       used 12472K, capacity 13028K, committed 13184K, reserved 1060864K
  class space    used 1671K, capacity 1903K, committed 1920K, reserved 1048576K
}
Event: 2.222 GC heap after
{Heap after GC invocations=4 (full 0):
 garbage-first heap   total 131072K, used 9324K [0x0000000080400000, 0x0000000100000000)
  region size 1024K, 4 young (4096K), 4 survivors (4096K)
 Metaspace       used 12472K, capacity 13028K, committed 13184K, reserved 1060864K
  class space    used 1671K, capacity 1903K, committed 1920K, reserved 1048576K
}
Event: 2.773 GC heap before
{Heap before GC invocations=4 (full 0):
 garbage-first heap   total 131072K, used 65644K [0x0000000080400000, 0x0000000100000000)
  region size 1024K, 59 young (60416K), 4 survivors (4096K)
 Metaspace       used 17893K, capacity 18656K, committed 18816K, reserved 1064960K
  class space    used 2324K, capacity 2621K, committed 2688K, reserved 1048576K
}
Event: 2.786 GC heap after
{Heap after GC invocations=5 (full 0):
 garbage-first heap   total 157696K, used 11387K [0x0000000080400000, 0x0000000100000000)
  region size 1024K, 6 young (6144K), 6 survivors (6144K)
 Metaspace       used 17893K, capacity 18656K, committed 18816K, reserved 1064960K
  class space    used 2324K, capacity 2621K, committed 2688K, reserved 1048576K
}
Event: 3.596 GC heap before
{Heap before GC invocations=5 (full 0):
 garbage-first heap   total 157696K, used 85115K [0x0000000080400000, 0x0000000100000000)
  region size 1024K, 78 young (79872K), 6 survivors (6144K)
 Metaspace       used 20080K, capacity 20952K, committed 21248K, reserved 1067008K
  class space    used 2671K, capacity 2987K, committed 3072K, reserved 1048576K
}
Event: 3.605 GC heap after
{Heap after GC invocations=6 (full 0):
 garbage-first heap   total 157696K, used 12915K [0x0000000080400000, 0x0000000100000000)
  region size 1024K, 6 young (6144K), 6 survivors (6144K)
 Metaspace       used 20080K, capacity 20952K, committed 21248K, reserved 1067008K
  class space    used 2671K, capacity 2987K, committed 3072K, reserved 1048576K
}
Event: 3.675 GC heap before
{Heap before GC invocations=6 (full 0):
 garbage-first heap   total 157696K, used 22131K [0x0000000080400000, 0x0000000100000000)
  region size 1024K, 16 young (16384K), 6 survivors (6144K)
 Metaspace       used 20368K, capacity 21208K, committed 21248K, reserved 1067008K
  class space    used 2724K, capacity 3051K, committed 3072K, reserved 1048576K
}
Event: 3.685 GC heap after
{Heap after GC invocations=7 (full 0):
 garbage-first heap   total 157696K, used 13262K [0x0000000080400000, 0x0000000100000000)
  region size 1024K, 6 young (6144K), 6 survivors (6144K)
 Metaspace       used 20368K, capacity 21208K, committed 21248K, reserved 1067008K
  class space    used 2724K, capacity 3051K, committed 3072K, reserved 1048576K
}
Event: 3.918 GC heap before
{Heap before GC invocations=8 (full 0):
 garbage-first heap   total 51200K, used 37838K [0x0000000080400000, 0x0000000100000000)
  region size 1024K, 30 young (30720K), 6 survivors (6144K)
 Metaspace       used 21989K, capacity 22837K, committed 23040K, reserved 1069056K
  class space    used 2967K, capacity 3293K, committed 3328K, reserved 1048576K
}
Event: 3.930 GC heap after
{Heap after GC invocations=9 (full 0):
 garbage-first heap   total 51200K, used 13924K [0x0000000080400000, 0x0000000100000000)
  region size 1024K, 2 young (2048K), 2 survivors (2048K)
 Metaspace       used 21989K, capacity 22837K, committed 23040K, reserved 1069056K
  class space    used 2967K, capacity 3293K, committed 3328K, reserved 1048576K
}
Event: 4.134 GC heap before
{Heap before GC invocations=9 (full 0):
 garbage-first heap   total 51200K, used 36452K [0x0000000080400000, 0x0000000100000000)
  region size 1024K, 24 young (24576K), 2 survivors (2048K)
 Metaspace       used 23874K, capacity 24890K, committed 25216K, reserved 1071104K
  class space    used 3254K, capacity 3638K, committed 3712K, reserved 1048576K
}
Event: 4.140 GC heap after
{Heap after GC invocations=10 (full 0):
 garbage-first heap   total 61440K, used 15365K [0x0000000080400000, 0x0000000100000000)
  region size 1024K, 3 young (3072K), 3 survivors (3072K)
 Metaspace       used 23874K, capacity 24890K, committed 25216K, reserved 1071104K
  class space    used 3254K, capacity 3638K, committed 3712K, reserved 1048576K
}
Event: 4.286 GC heap before
{Heap before GC invocations=10 (full 0):
 garbage-first heap   total 61440K, used 46085K [0x0000000080400000, 0x0000000100000000)
  region size 1024K, 30 young (30720K), 3 survivors (3072K)
 Metaspace       used 25236K, capacity 26256K, committed 26368K, reserved 1071104K
  class space    used 3376K, capacity 3773K, committed 3840K, reserved 1048576K
}
Event: 4.293 GC heap after
{Heap after GC invocations=11 (full 0):
 garbage-first heap   total 61440K, used 15860K [0x0000000080400000, 0x0000000100000000)
  region size 1024K, 3 young (3072K), 3 survivors (3072K)
 Metaspace       used 25236K, capacity 26256K, committed 26368K, reserved 1071104K
  class space    used 3376K, capacity 3773K, committed 3840K, reserved 1048576K
}
Event: 4.572 GC heap before
{Heap before GC invocations=11 (full 0):
 garbage-first heap   total 61440K, used 43508K [0x0000000080400000, 0x0000000100000000)
  region size 1024K, 30 young (30720K), 3 survivors (3072K)
 Metaspace       used 27487K, capacity 28652K, committed 28800K, reserved 1073152K
  class space    used 3717K, capacity 4191K, committed 4224K, reserved 1048576K
}
Event: 4.580 GC heap after
{Heap after GC invocations=12 (full 0):
 garbage-first heap   total 61440K, used 16842K [0x0000000080400000, 0x0000000100000000)
  region size 1024K, 4 young (4096K), 4 survivors (4096K)
 Metaspace       used 27487K, capacity 28652K, committed 28800K, reserved 1073152K
  class space    used 3717K, capacity 4191K, committed 4224K, reserved 1048576K
}
Event: 4.802 GC heap before
{Heap before GC invocations=12 (full 0):
 garbage-first heap   total 61440K, used 44490K [0x0000000080400000, 0x0000000100000000)
  region size 1024K, 31 young (31744K), 4 survivors (4096K)
 Metaspace       used 28375K, capacity 29631K, committed 29696K, reserved 1075200K
  class space    used 3853K, capacity 4340K, committed 4352K, reserved 1048576K
}

